# JRE version: Java(TM) SE Runtime Environment (13.0.2+8) (build 13.0.2+8)
# Java VM: Java HotSpot(TM) 64-Bit Server VM (13.0.2+8, mixed mode, sharing, tiered, compressed oops, g1 gc, windows-amd64)
Heap:
 garbage-first heap   total 623616K, used 194716K [0x0000000082000000, 0x0000000100000000)
  region size 1024K, 2 young (2048K), 2 survivors (2048K)
 Metaspace       used 15603K, capacity 16061K, committed 16128K, reserved 1062912K
  class space    used 1850K, capacity 2043K, committed 2048K, reserved 1048576K
GC Heap History (20 events):
Event: 4.282 GC heap after
{Heap after GC invocations=5 (full 0):
 garbage-first heap   total 148480K, used 113343K [0x0000000082000000, 0x0000000100000000)
  region size 1024K, 2 young (2048K), 2 survivors (2048K)
 Metaspace       used 15603K, capacity 16061K, committed 16128K, reserved 1062912K
  class space    used 1850K, capacity 2043K, committed 2048K, reserved 1048576K
}
Event: 4.282 GC heap before
{Heap before GC invocations=5 (full 0):
 garbage-first heap   total 148480K, used 118463K [0x0000000082000000, 0x0000000100000000)
  region size 1024K, 8 young (8192K), 2 survivors (2048K)
 Metaspace       used 15603K, capacity 16061K, committed 16128K, reserved 1062912K
  class space    used 1850K, capacity 2043K, committed 2048K, reserved 1048576K
}
Event: 4.285 GC heap after
{Heap after GC invocations=6 (full 0):
 garbage-first heap   total 148480K, used 119605K [0x0000000082000000, 0x0000000100000000)
  region size 1024K, 1 young (1024K), 1 survivors (1024K)
 Metaspace       used 15603K, capacity 16061K, committed 16128K, reserved 1062912K
  class space    used 1850K, capacity 2043K, committed 2048K, reserved 1048576K
}
Event: 4.286 GC heap before
{Heap before GC invocations=6 (full 0):
 garbage-first heap   total 148480K, used 125749K [0x0000000082000000, 0x0000000100000000)
  region size 1024K, 8 young (8192K), 1 survivors (1024K)
 Metaspace       used 15603K, capacity 16061K, committed 16128K, reserved 1062912K
  class space    used 1850K, capacity 2043K, committed 2048K, reserved 1048576K
}
Event: 4.290 GC heap after
{Heap after GC invocations=7 (full 0):
 garbage-first heap   total 148480K, used 126812K [0x0000000082000000, 0x0000000100000000)
  region size 1024K, 1 young (1024K), 1 survivors (1024K)
 Metaspace       used 15603K, capacity 16061K, committed 16128K, reserved 1062912K
  class space    used 1850K, capacity 2043K, committed 2048K, reserved 1048576K
}
Event: 4.290 GC heap before
{Heap before GC invocations=7 (full 0):
 garbage-first heap   total 148480K, used 132956K [0x0000000082000000, 0x0000000100000000)
  region size 1024K, 8 young (8192K), 1 survivors (1024K)
 Metaspace       used 15603K, capacity 16061K, committed 16128K, reserved 1062912K
  class space    used 1850K, capacity 2043K, committed 2048K, reserved 1048576K
}
Event: 4.293 GC heap after
{Heap after GC invocations=8 (full 0):
 garbage-first heap   total 148480K, used 134058K [0x0000000082000000, 0x0000000100000000)
  region size 1024K, 1 young (1024K), 1 survivors (1024K)
 Metaspace       used 15603K, capacity 16061K, committed 16128K, reserved 1062912K
  class space    used 1850K, capacity 2043K, committed 2048K, reserved 1048576K
}
Event: 4.294 GC heap before
{Heap before GC invocations=8 (full 0):
 garbage-first heap   total 148480K, used 141226K [0x0000000082000000, 0x0000000100000000)
  region size 1024K, 9 young (9216K), 1 survivors (1024K)
 Metaspace       used 15603K, capacity 16061K, committed 16128K, reserved 1062912K
  class space    used 1850K, capacity 2043K, committed 2048K, reserved 1048576K
}
Event: 4.298 GC heap after
{Heap after GC invocations=9 (full 0):
 garbage-first heap   total 151552K, used 142211K [0x0000000082000000, 0x0000000100000000)
  region size 1024K, 2 young (2048K), 2 survivors (2048K)
 Metaspace       used 15603K, capacity 16061K, committed 16128K, reserved 1062912K
  class space    used 1850K, capacity 2043K, committed 2048K, reserved 1048576K
}
Event: 4.299 GC heap before
{Heap before GC invocations=9 (full 0):
 garbage-first heap   total 151552K, used 150403K [0x0000000082000000, 0x0000000100000000)
  region size 1024K, 11 young (11264K), 2 survivors (2048K)
 Metaspace       used 15603K, capacity 16061K, committed 16128K, reserved 1062912K
  class space    used 1850K, capacity 2043K, committed 2048K, reserved 1048576K
}
Event: 4.305 GC heap after
{Heap after GC invocations=10 (full 0):
 garbage-first heap   total 162816K, used 151427K [0x0000000082000000, 0x0000000100000000)
  region size 1024K, 2 young (2048K), 2 survivors (2048K)
 Metaspace       used 15603K, capacity 16061K, committed 16128K, reserved 1062912K
  class space    used 1850K, capacity 2043K, committed 2048K, reserved 1048576K
}
Event: 4.307 GC heap before
{Heap before GC invocations=10 (full 0):
 garbage-first heap   total 162816K, used 159619K [0x0000000082000000, 0x0000000100000000)
  region size 1024K, 11 young (11264K), 2 survivors (2048K)
 Metaspace       used 15603K, capacity 16061K, committed 16128K, reserved 1062912K
  class space    used 1850K, capacity 2043K, committed 2048K, reserved 1048576K
}
Event: 4.313 GC heap after
{Heap after GC invocations=11 (full 0):
 garbage-first heap   total 207872K, used 160963K [0x0000000082000000, 0x0000000100000000)
  region size 1024K, 2 young (2048K), 2 survivors (2048K)
 Metaspace       used 15603K, capacity 16061K, committed 16128K, reserved 1062912K
  class space    used 1850K, capacity 2043K, committed 2048K, reserved 1048576K
}
Event: 4.320 GC heap before
{Heap before GC invocations=11 (full 0):
 garbage-first heap   total 207872K, used 169155K [0x0000000082000000, 0x0000000100000000)
  region size 1024K, 11 young (11264K), 2 survivors (2048K)
 Metaspace       used 15603K, capacity 16061K, committed 16128K, reserved 1062912K
  class space    used 1850K, capacity 2043K, committed 2048K, reserved 1048576K
}
Event: 4.324 GC heap after
{Heap after GC invocations=12 (full 0):
 garbage-first heap   total 207872K, used 170023K [0x0000000082000000, 0x0000000100000000)
  region size 1024K, 2 young (2048K), 2 survivors (2048K)
 Metaspace       used 15603K, capacity 16061K, committed 16128K, reserved 1062912K
  class space    used 1850K, capacity 2043K, committed 2048K, reserved 1048576K
}
Event: 4.325 GC heap before
{Heap before GC invocations=12 (full 0):
 garbage-first heap   total 207872K, used 177191K [0x0000000082000000, 0x0000000100000000)
  region size 1024K, 10 young (10240K), 2 survivors (2048K)
 Metaspace       used 15603K, capacity 16061K, committed 16128K, reserved 1062912K
  class space    used 1850K, capacity 2043K, committed 2048K, reserved 1048576K
}
Event: 4.330 GC heap after
{Heap after GC invocations=13 (full 0):
 garbage-first heap   total 207872K, used 178293K [0x0000000082000000, 0x0000000100000000)
  region size 1024K, 2 young (2048K), 2 survivors (2048K)
 Metaspace       used 15603K, capacity 16061K, committed 16128K, reserved 1062912K
  class space    used 1850K, capacity 2043K, committed 2048K, reserved 1048576K
}
Event: 4.331 GC heap before
{Heap before GC invocations=13 (full 0):
 garbage-first heap   total 207872K, used 185461K [0x0000000082000000, 0x0000000100000000)
  region size 1024K, 10 young (10240K), 2 survivors (2048K)
 Metaspace       used 15603K, capacity 16061K, committed 16128K, reserved 1062912K
  class space    used 1850K, capacity 2043K, committed 2048K, reserved 1048576K
}
Event: 4.336 GC heap after
{Heap after GC invocations=14 (full 0):
 garbage-first heap   total 207872K, used 186485K [0x0000000082000000, 0x0000000100000000)
  region size 1024K, 2 young (2048K), 2 survivors (2048K)
 Metaspace       used 15603K, capacity 16061K, committed 16128K, reserved 1062912K
  class space    used 1850K, capacity 2043K, committed 2048K, reserved 1048576K
}
Event: 4.337 GC heap before
{Heap before GC invocations=14 (full 0):
 garbage-first heap   total 207872K, used 193653K [0x0000000082000000, 0x0000000100000000)
  region size 1024K, 10 young (10240K), 2 survivors (2048K)
 Metaspace       used 15603K, capacity 16061K, committed 16128K, reserved 1062912K
  class space    used 1850K, capacity 2043K, committed 2048K, reserved 1048576K
}

